<?xml version="1.0" encoding="utf-8"?>
<!DOCTYPE coverage SYSTEM "http://cobertura.sourceforge.net/xml/coverage-04.dtd">
<coverage line-rate="0.7172972972972973" branch-rate="0.6655328798185941" lines-covered="1327" lines-valid="1850" branches-covered="587" branches-valid="882" complexity="1200" version="0" timestamp="1782290681">
  <sources>
    <source>C:\Users\TreyTomes\projects\ecma_basic\src\</source>
  </sources>
  <packages>
    <package name="ECMABasic.Application" line-rate="0.7563417890520694" branch-rate="0.7206632653061225" complexity="963">
      <classes>
        <class name="ECMABasic.Application.CharacterReader" filename="C:\Users\TreyTomes\projects\ecma_basic\src\ECMABasic.Application\CharacterReader.cs" line-rate="0.941747572815534" branch-rate="0.7608695652173914" complexity="57">
          <methods>
            <method name="get_SourceText" signature="()" line-rate="1" branch-rate="1" complexity="1">
              <lines>
                <line number="65" hits="63" branch="false" />
                <line number="66" hits="63" branch="false" />
                <line number="67" hits="63" branch="false" />
                <line number="68" hits="63" branch="false" />
                <line number="69" hits="63" branch="false" />
                <line number="70" hits="63" branch="false" />
                <line number="71" hits="63" branch="false" />
              </lines>
            </method>
            <method name="get_LineNumber" signature="()" line-rate="1" branch-rate="1" complexity="1">
              <lines>
                <line number="73" hits="82299" branch="false" />
              </lines>
            </method>
            <method name="get_ColumnNumber" signature="()" line-rate="1" branch-rate="1" complexity="1">
              <lines>
                <line number="74" hits="406254" branch="false" />
              </lines>
            </method>
            <method name="get_IsAtEnd" signature="()" line-rate="1" branch-rate="1" complexity="1">
              <lines>
                <line number="75" hits="143796" branch="false" />
              </lines>
            </method>
            <method name="ReadInteger" signature="()" line-rate="1" branch-rate="1" complexity="2">
              <lines>
                <line number="83" hits="12491" branch="false" />
                <line number="84" hits="12491" branch="false" />
                <line number="87" hits="38431" branch="false" />
                <line number="88" hits="38431" branch="true" condition-coverage="100% (2/2)" />
                <line number="90" hits="25940" branch="false" />
                <line number="91" hits="25940" branch="false" />
                <line number="98" hits="12491" branch="false" />
              </lines>
            </method>
            <method name="ReadWord" signature="()" line-rate="1" branch-rate="1" complexity="2">
              <lines>
                <line number="103" hits="17821" branch="false" />
                <line number="104" hits="17821" branch="false" />
                <line number="107" hits="70972" branch="false" />
                <line number="108" hits="70972" branch="true" condition-coverage="100% (2/2)" />
                <line number="110" hits="53151" branch="false" />
                <line number="111" hits="53151" branch="false" />
                <line number="118" hits="17821" branch="false" />
              </lines>
            </method>
            <method name="ReadSymbol" signature="()" line-rate="1" branch-rate="1" complexity="1">
              <lines>
                <line number="123" hits="17074" branch="false" />
                <line number="124" hits="17074" branch="false" />
                <line number="125" hits="17074" branch="false" />
              </lines>
            </method>
            <method name="ReadSpace" signature="()" line-rate="1" branch-rate="1" complexity="2">
              <lines>
                <line number="130" hits="19303" branch="false" />
                <line number="131" hits="19303" branch="false" />
                <line number="134" hits="27726" branch="false" />
                <line number="135" hits="27726" branch="true" condition-coverage="100% (2/2)" />
                <line number="137" hits="8423" branch="false" />
                <line number="138" hits="8423" branch="false" />
                <line number="145" hits="19303" branch="false" />
              </lines>
            </method>
            <method name="ReadEndOfLine" signature="()" line-rate="1" branch-rate="0.625" complexity="8">
              <lines>
                <line number="150" hits="5183" branch="false" />
                <line number="152" hits="5183" branch="false" />
                <line number="153" hits="5183" branch="false" />
                <line number="156" hits="5183" branch="false" />
                <line number="157" hits="5183" branch="true" condition-coverage="63% (5/8)" />
                <line number="159" hits="5183" branch="false" />
                <line number="160" hits="5183" branch="false" />
                <line number="163" hits="5183" branch="false" />
              </lines>
            </method>
            <method name="RequireLetter" signature="()" line-rate="0.8" branch-rate="0.5" complexity="2">
              <lines>
                <line number="175" hits="17821" branch="false" />
                <line number="176" hits="17821" branch="true" condition-coverage="50% (1/2)" />
                <line number="178" hits="0" branch="false" />
                <line number="180" hits="17821" branch="false" />
                <line number="181" hits="17821" branch="false" />
              </lines>
            </method>
            <method name="RequireDigit" signature="()" line-rate="0.8" branch-rate="0.5" complexity="2">
              <lines>
                <line number="193" hits="12491" branch="false" />
                <line number="194" hits="12491" branch="true" condition-coverage="50% (1/2)" />
                <line number="196" hits="0" branch="false" />
                <line number="198" hits="12491" branch="false" />
                <line number="199" hits="12491" branch="false" />
              </lines>
            </method>
            <method name="RequireSymbol" signature="()" line-rate="0.8" branch-rate="0.5" complexity="2">
              <lines>
                <line number="211" hits="17074" branch="false" />
                <line number="212" hits="17074" branch="true" condition-coverage="50% (1/2)" />
                <line number="214" hits="0" branch="false" />
                <line number="216" hits="17074" branch="false" />
                <line number="217" hits="17074" branch="false" />
              </lines>
            </method>
            <method name="RequireSpace" signature="()" line-rate="0.8" branch-rate="0.5" complexity="2">
              <lines>
                <line number="229" hits="19303" branch="false" />
                <line number="230" hits="19303" branch="true" condition-coverage="50% (1/2)" />
                <line number="232" hits="0" branch="false" />
                <line number="234" hits="19303" branch="false" />
                <line number="235" hits="19303" branch="false" />
              </lines>
            </method>
            <method name="RequireEndOfLine" signature="()" line-rate="0.8" branch-rate="0.5" complexity="4">
              <lines>
                <line number="240" hits="5183" branch="false" />
                <line number="241" hits="5183" branch="true" condition-coverage="50% (2/4)" />
                <line number="243" hits="0" branch="false" />
                <line number="245" hits="5183" branch="false" />
                <line number="246" hits="5183" branch="false" />
              </lines>
            </method>
            <method name="IsLetter" signature="(System.Char)" line-rate="1" branch-rate="1" complexity="1">
              <lines>
                <line number="251" hits="148174" branch="false" />
              </lines>
            </method>
            <method name="IsDigit" signature="(System.Char)" line-rate="1" branch-rate="1" complexity="1">
              <lines>
                <line number="256" hits="122794" branch="false" />
              </lines>
            </method>
            <method name="IsSpace" signature="(System.Char)" line-rate="1" branch-rate="1" complexity="1">
              <lines>
                <line number="261" hits="71515" branch="false" />
              </lines>
            </method>
            <method name="IsSymbol" signature="(System.Char)" line-rate="1" branch-rate="1" complexity="1">
              <lines>
                <line number="266" hits="58634" branch="false" />
              </lines>
            </method>
            <method name="IsEndOfLine" signature="(System.Char)" line-rate="1" branch-rate="0.5" complexity="2">
              <lines>
                <line number="271" hits="5183" branch="true" condition-coverage="50% (1/2)" />
              </lines>
            </method>
            <method name="Peek" signature="()" line-rate="1" branch-rate="1" complexity="1">
              <lines>
                <line number="276" hits="296422" branch="false" />
              </lines>
            </method>
            <method name="Next" signature="()" line-rate="1" branch-rate="1" complexity="8">
              <lines>
                <line number="281" hits="164569" branch="false" />
                <line number="282" hits="164569" branch="false" />
                <line number="284" hits="164569" branch="true" condition-coverage="100% (8/8)" />
                <line number="285" hits="164569" branch="false" />
                <line number="287" hits="5183" branch="false" />
                <line number="288" hits="5183" branch="false" />
                <line number="291" hits="164569" branch="false" />
              </lines>
            </method>
            <method name="ValidateLineLengths" signature="()" line-rate="0.8571428571428571" branch-rate="0.75" complexity="4">
              <lines>
                <line number="297" hits="5251" branch="false" />
                <line number="299" hits="61" branch="true" condition-coverage="100% (2/2)" />
                <line number="302" hits="60" branch="false" />
                <line number="306" hits="1" branch="false" />
                <line number="307" hits="1" branch="true" condition-coverage="50% (1/2)" />
                <line number="309" hits="0" branch="false" />
                <line number="312" hits="1" branch="false" />
              </lines>
            </method>
            <method name="Dispose" signature="(System.Boolean)" line-rate="1" branch-rate="1" complexity="4">
              <lines>
                <line number="317" hits="60" branch="true" condition-coverage="100% (2/2)" />
                <line number="319" hits="60" branch="true" condition-coverage="100% (2/2)" />
                <line number="321" hits="60" branch="false" />
                <line number="324" hits="60" branch="false" />
                <line number="326" hits="60" branch="false" />
              </lines>
            </method>
            <method name="Dispose" signature="()" line-rate="1" branch-rate="1" complexity="1">
              <lines>
                <line number="334" hits="60" branch="false" />
                <line number="335" hits="60" branch="false" />
                <line number="336" hits="60" branch="false" />
              </lines>
            </method>
            <method name=".ctor" signature="(System.IO.Stream,ECMABasic.Domain.IBasicConfiguration)" line-rate="1" branch-rate="1" complexity="2">
              <lines>
                <line number="47" hits="61" branch="false" />
                <line number="49" hits="61" branch="true" condition-coverage="100% (2/2)" />
                <line number="50" hits="61" branch="false" />
                <line number="51" hits="61" branch="false" />
                <line number="52" hits="61" branch="false" />
                <line number="53" hits="61" branch="false" />
                <line number="54" hits="61" branch="false" />
                <line number="55" hits="60" branch="false" />
              </lines>
            </method>
          </methods>
          <lines>
            <line number="47" hits="61" branch="false" />
            <line number="49" hits="61" branch="true" condition-coverage="100% (2/2)" />
            <line number="50" hits="61" branch="false" />
            <line number="51" hits="61" branch="false" />
            <line number="52" hits="61" branch="false" />
            <line number="53" hits="61" branch="false" />
            <line number="54" hits="61" branch="false" />
            <line number="55" hits="60" branch="false" />
            <line number="65" hits="63" branch="false" />
            <line number="66" hits="63" branch="false" />
            <line number="67" hits="63" branch="false" />
            <line number="68" hits="63" branch="false" />
            <line number="69" hits="63" branch="false" />
            <line number="70" hits="63" branch="false" />
            <line number="71" hits="63" branch="false" />
            <line number="73" hits="82299" branch="false" />
            <line number="74" hits="406254" branch="false" />
            <line number="75" hits="143796" branch="false" />
            <line number="83" hits="12491" branch="false" />
            <line number="84" hits="12491" branch="false" />
            <line number="87" hits="38431" branch="false" />
            <line number="88" hits="38431" branch="true" condition-coverage="100% (2/2)" />
            <line number="90" hits="25940" branch="false" />
            <line number="91" hits="25940" branch="false" />
            <line number="98" hits="12491" branch="false" />
            <line number="103" hits="17821" branch="false" />
            <line number="104" hits="17821" branch="false" />
            <line number="107" hits="70972" branch="false" />
            <line number="108" hits="70972" branch="true" condition-coverage="100% (2/2)" />
            <line number="110" hits="53151" branch="false" />
            <line number="111" hits="53151" branch="false" />
            <line number="118" hits="17821" branch="false" />
            <line number="123" hits="17074" branch="false" />
            <line number="124" hits="17074" branch="false" />
            <line number="125" hits="17074" branch="false" />
            <line number="130" hits="19303" branch="false" />
            <line number="131" hits="19303" branch="false" />
            <line number="134" hits="27726" branch="false" />
            <line number="135" hits="27726" branch="true" condition-coverage="100% (2/2)" />
            <line number="137" hits="8423" branch="false" />
            <line number="138" hits="8423" branch="false" />
            <line number="145" hits="19303" branch="false" />
            <line number="150" hits="5183" branch="false" />
            <line number="152" hits="5183" branch="false" />
            <line number="153" hits="5183" branch="false" />
            <line number="156" hits="5183" branch="false" />
            <line number="157" hits="5183" branch="true" condition-coverage="63% (5/8)" />
            <line number="159" hits="5183" branch="false" />
            <line number="160" hits="5183" branch="false" />
            <line number="163" hits="5183" branch="false" />
            <line number="175" hits="17821" branch="false" />
            <line number="176" hits="17821" branch="true" condition-coverage="50% (1/2)" />
            <line number="178" hits="0" branch="false" />
            <line number="180" hits="17821" branch="false" />
            <line number="181" hits="17821" branch="false" />
            <line number="193" hits="12491" branch="false" />
            <line number="194" hits="12491" branch="true" condition-coverage="50% (1/2)" />
            <line number="196" hits="0" branch="false" />
            <line number="198" hits="12491" branch="false" />
            <line number="199" hits="12491" branch="false" />
            <line number="211" hits="17074" branch="false" />
            <line number="212" hits="17074" branch="true" condition-coverage="50% (1/2)" />
            <line number="214" hits="0" branch="false" />
            <line number="216" hits="17074" branch="false" />
            <line number="217" hits="17074" branch="false" />
            <line number="229" hits="19303" branch="false" />
            <line number="230" hits="19303" branch="true" condition-coverage="50% (1/2)" />
            <line number="232" hits="0" branch="false" />
            <line number="234" hits="19303" branch="false" />
            <line number="235" hits="19303" branch="false" />
            <line number="240" hits="5183" branch="false" />
            <line number="241" hits="5183" branch="true" condition-coverage="50% (2/4)" />
            <line number="243" hits="0" branch="false" />
            <line number="245" hits="5183" branch="false" />
            <line number="246" hits="5183" branch="false" />
            <line number="251" hits="148174" branch="false" />
            <line number="256" hits="122794" branch="false" />
            <line number="261" hits="71515" branch="false" />
            <line number="266" hits="58634" branch="false" />
            <line number="271" hits="5183" branch="true" condition-coverage="50% (1/2)" />
            <line number="276" hits="296422" branch="false" />
            <line number="281" hits="164569" branch="false" />
            <line number="282" hits="164569" branch="false" />
            <line number="284" hits="164569" branch="true" condition-coverage="100% (8/8)" />
            <line number="285" hits="164569" branch="false" />
            <line number="287" hits="5183" branch="false" />
            <line number="288" hits="5183" branch="false" />
            <line number="291" hits="164569" branch="false" />
            <line number="297" hits="5251" branch="false" />
            <line number="299" hits="61" branch="true" condition-coverage="100% (2/2)" />
            <line number="302" hits="60" branch="false" />
            <line number="306" hits="1" branch="false" />
            <line number="307" hits="1" branch="true" condition-coverage="50% (1/2)" />
            <line number="309" hits="0" branch="false" />
            <line number="312" hits="1" branch="false" />
            <line number="317" hits="60" branch="true" condition-coverage="100% (2/2)" />
            <line number="319" hits="60" branch="true" condition-coverage="100% (2/2)" />
            <line number="321" hits="60" branch="false" />
            <line number="324" hits="60" branch="false" />
            <line number="326" hits="60" branch="false" />
            <line number="334" hits="60" branch="false" />
            <line number="335" hits="60" branch="false" />
            <line number="336" hits="60" branch="false" />
          </lines>
        </class>
        <class name="ECMABasic.Application.ComplexTokenReader" filename="C:\Users\TreyTomes\projects\ecma_basic\src\ECMABasic.Application\ComplexTokenReader.cs" line-rate="0.9316239316239316" branch-rate="0.9416666666666667" complexity="125">
          <methods>
            <method name="get_TokenIndex" signature="()" line-rate="1" branch-rate="1" complexity="1">
              <lines>
                <line number="41" hits="1310416" branch="false" />
              </lines>
            </method>
            <method name="get_IsAtEnd" signature="()" line-rate="1" branch-rate="1" complexity="1">
              <lines>
                <line number="43" hits="388733" branch="false" />
              </lines>
            </method>
            <method name="FromFile" signature="(System.String)" line-rate="1" branch-rate="1" complexity="1">
              <lines>
                <line number="47" hits="55" branch="false" />
              </lines>
            </method>
            <method name="FromText" signature="(System.String)" line-rate="1" branch-rate="1" complexity="1">
              <lines>
                <line number="52" hits="3" branch="false" />
              </lines>
            </method>
            <method name="NextInteger" signature="(System.Int32,System.Boolean)" line-rate="0.7692307692307693" branch-rate="0.6666666666666666" complexity="12">
              <lines>
                <line number="64" hits="5361" branch="false" />
                <line number="65" hits="5361" branch="true" condition-coverage="100% (2/2)" />
                <line number="67" hits="5361" branch="false" />
                <line number="69" hits="5361" branch="true" condition-coverage="50% (1/2)" />
                <line number="71" hits="5361" branch="false" />
                <line number="72" hits="5361" branch="true" condition-coverage="50% (1/2)" />
                <line number="74" hits="0" branch="false" />
                <line number="77" hits="5361" branch="true" condition-coverage="75% (3/4)" />
                <line number="79" hits="0" branch="false" />
                <line number="82" hits="5361" branch="false" />
                <line number="83" hits="5361" branch="true" condition-coverage="50% (1/2)" />
                <line number="85" hits="0" branch="false" />
                <line number="87" hits="5361" branch="false" />
              </lines>
            </method>
            <method name="NextNumber" signature="(System.Boolean)" line-rate="0.9259259259259259" branch-rate="1" complexity="42">
              <lines>
                <line number="98" hits="3439" branch="false" />
                <line number="99" hits="3439" branch="true" condition-coverage="100% (2/2)" />
                <line number="101" hits="3439" branch="false" />
                <line number="104" hits="3439" branch="false" />
                <line number="105" hits="3439" branch="false" />
                <line number="107" hits="3439" branch="true" condition-coverage="100% (4/4)" />
                <line number="109" hits="1431" branch="true" condition-coverage="100% (4/4)" />
                <line number="113" hits="2008" branch="false" />
                <line number="114" hits="2008" branch="true" condition-coverage="100% (4/4)" />
                <line number="116" hits="897" branch="false" />
                <line number="119" hits="1111" branch="true" condition-coverage="100% (12/12)" />
                <line number="123" hits="2542" branch="false" />
                <line number="124" hits="2542" branch="true" condition-coverage="100% (2/2)" />
                <line number="126" hits="971" branch="false" />
                <line number="127" hits="971" branch="true" condition-coverage="100% (2/2)" />
                <line number="129" hits="956" branch="false" />
                <line number="130" hits="956" branch="true" condition-coverage="100% (2/2)" />
                <line number="132" hits="486" branch="false" />
                <line number="134" hits="956" branch="true" condition-coverage="100% (4/4)" />
                <line number="137" hits="971" branch="false" />
                <line number="138" hits="971" branch="true" condition-coverage="100% (2/2)" />
                <line number="140" hits="956" branch="false" />
                <line number="143" hits="971" branch="true" condition-coverage="100% (4/4)" />
                <line number="148" hits="2542" branch="false" />
                <line number="150" hits="0" branch="false" />
                <line number="152" hits="0" branch="false" />
                <line number="154" hits="2542" branch="false" />
              </lines>
            </method>
            <method name="Next" signature="(ECMABasic.Domain.TokenType,System.Boolean,System.String)" line-rate="1" branch-rate="1" complexity="10">
              <lines>
                <line number="168" hits="141795" branch="false" />
                <line number="169" hits="141795" branch="false" />
                <line number="170" hits="141795" branch="true" condition-coverage="100% (8/8)" />
                <line number="172" hits="102605" branch="true" condition-coverage="100% (2/2)" />
                <line number="174" hits="1" branch="false" />
                <line number="178" hits="102604" branch="false" />
                <line number="179" hits="102604" branch="false" />
                <line number="184" hits="39190" branch="false" />
              </lines>
            </method>
            <method name="Next" signature="()" line-rate="1" branch-rate="1" complexity="38">
              <lines>
                <line number="197" hits="148065" branch="true" condition-coverage="100% (2/2)" />
                <line number="199" hits="52" branch="false" />
                <line number="202" hits="148013" branch="false" />
                <line number="204" hits="148013" branch="true" condition-coverage="100% (4/4)" />
                <line number="206" hits="26111" branch="true" condition-coverage="100% (2/2)" />
                <line number="208" hits="5917" branch="false" />
                <line number="209" hits="5917" branch="true" condition-coverage="100% (2/2)" />
                <line number="211" hits="5916" branch="false" />
                <line number="215" hits="1" branch="false" />
                <line number="218" hits="20194" branch="true" condition-coverage="100% (2/2)" />
                <line number="220" hits="4978" branch="false" />
                <line number="222" hits="15216" branch="true" condition-coverage="100% (2/2)" />
                <line number="224" hits="2903" branch="false" />
                <line number="226" hits="12313" branch="true" condition-coverage="100% (2/2)" />
                <line number="228" hits="202" branch="false" />
                <line number="230" hits="12111" branch="true" condition-coverage="100% (2/2)" />
                <line number="232" hits="1021" branch="false" />
                <line number="234" hits="11090" branch="true" condition-coverage="100% (2/2)" />
                <line number="236" hits="2062" branch="false" />
                <line number="240" hits="9028" branch="false" />
                <line number="243" hits="121902" branch="true" condition-coverage="100% (4/4)" />
                <line number="245" hits="36154" branch="true" condition-coverage="100% (2/2)" />
                <line number="247" hits="12824" branch="false" />
                <line number="248" hits="12824" branch="true" condition-coverage="100% (6/6)" />
                <line number="250" hits="1007" branch="false" />
                <line number="251" hits="1007" branch="false" />
                <line number="255" hits="11817" branch="false" />
                <line number="256" hits="11817" branch="true" condition-coverage="100% (6/6)" />
                <line number="258" hits="5731" branch="false" />
                <line number="260" hits="5731" branch="false" />
                <line number="265" hits="6086" branch="false" />
                <line number="271" hits="23330" branch="false" />
                <line number="276" hits="85748" branch="false" />
              </lines>
            </method>
            <method name="ReadRestOfString" signature="(ECMABasic.Domain.Token)" line-rate="1" branch-rate="1" complexity="8">
              <lines>
                <line number="282" hits="5917" branch="false" />
                <line number="283" hits="5917" branch="false" />
                <line number="287" hits="54655" branch="false" />
                <line number="288" hits="54655" branch="true" condition-coverage="100% (4/4)" />
                <line number="291" hits="1" branch="false" />
                <line number="292" hits="1" branch="false" />
                <line number="295" hits="54654" branch="false" />
                <line number="296" hits="54654" branch="true" condition-coverage="100% (2/2)" />
                <line number="298" hits="15727" branch="true" condition-coverage="100% (2/2)" />
                <line number="305" hits="5916" branch="false" />
              </lines>
            </method>
            <method name="Read" signature="()" line-rate="0.8" branch-rate="0.5" complexity="2">
              <lines>
                <line number="310" hits="209406" branch="true" condition-coverage="50% (1/2)" />
                <line number="312" hits="0" branch="false" />
                <line number="315" hits="209406" branch="false" />
                <line number="316" hits="209406" branch="false" />
                <line number="317" hits="209406" branch="false" />
              </lines>
            </method>
            <method name="Peek" signature="()" line-rate="0.6666666666666666" branch-rate="0.5" complexity="2">
              <lines>
                <line number="322" hits="25802" branch="true" condition-coverage="50% (1/2)" />
                <line number="324" hits="0" branch="false" />
                <line number="326" hits="25802" branch="false" />
              </lines>
            </method>
            <method name="Seek" signature="(System.Int32)" line-rate="1" branch-rate="1" complexity="1">
              <lines>
                <line number="331" hits="566" branch="false" />
                <line number="332" hits="566" branch="false" />
              </lines>
            </method>
            <method name="Rewind" signature="()" line-rate="0.75" branch-rate="0.5" complexity="2">
              <lines>
                <line number="336" hits="892" branch="true" condition-coverage="50% (1/2)" />
                <line number="338" hits="0" branch="false" />
                <line number="340" hits="892" branch="false" />
                <line number="341" hits="892" branch="false" />
              </lines>
            </method>
            <method name=".ctor" signature="(ECMABasic.Application.SimpleTokenReader)" line-rate="1" branch-rate="1" complexity="4">
              <lines>
                <line number="23" hits="58" branch="false" />
                <line number="25" hits="58" branch="false" />
                <line number="26" hits="71923" branch="true" condition-coverage="100% (2/2)" />
                <line number="28" hits="71865" branch="false" />
                <line number="29" hits="71865" branch="true" condition-coverage="100% (2/2)" />
                <line number="31" hits="71865" branch="false" />
                <line number="35" hits="58" branch="false" />
                <line number="36" hits="58" branch="false" />
              </lines>
            </method>
          </methods>
          <lines>
            <line number="23" hits="58" branch="false" />
            <line number="25" hits="58" branch="false" />
            <line number="26" hits="71923" branch="true" condition-coverage="100% (2/2)" />
            <line number="28" hits="71865" branch="false" />
            <line number="29" hits="71865" branch="true" condition-coverage="100% (2/2)" />
            <line number="31" hits="71865" branch="false" />
            <line number="35" hits="58" branch="false" />
            <line number="36" hits="58" branch="false" />
            <line number="41" hits="1310416" branch="false" />
            <line number="43" hits="388733" branch="false" />
            <line number="47" hits="55" branch="false" />
            <line number="52" hits="3" branch="false" />
            <line number="64" hits="5361" branch="false" />
            <line number="65" hits="5361" branch="true" condition-coverage="100% (2/2)" />
            <line number="67" hits="5361" branch="false" />
            <line number="69" hits="5361" branch="true" condition-coverage="50% (1/2)" />
            <line number="71" hits="5361" branch="false" />
            <line number="72" hits="5361" branch="true" condition-coverage="50% (1/2)" />
            <line number="74" hits="0" branch="false" />
            <line number="77" hits="5361" branch="true" condition-coverage="75% (3/4)" />
            <line number="79" hits="0" branch="false" />
            <line number="82" hits="5361" branch="false" />
            <line number="83" hits="5361" branch="true" condition-coverage="50% (1/2)" />
            <line number="85" hits="0" branch="false" />
            <line number="87" hits="5361" branch="false" />
            <line number="98" hits="3439" branch="false" />
            <line number="99" hits="3439" branch="true" condition-coverage="100% (2/2)" />
            <line number="101" hits="3439" branch="false" />
            <line number="104" hits="3439" branch="false" />
            <line number="105" hits="3439" branch="false" />
            <line number="107" hits="3439" branch="true" condition-coverage="100% (4/4)" />
            <line number="109" hits="1431" branch="true" condition-coverage="100% (4/4)" />
            <line number="113" hits="2008" branch="false" />
            <line number="114" hits="2008" branch="true" condition-coverage="100% (4/4)" />
            <line number="116" hits="897" branch="false" />
            <line number="119" hits="1111" branch="true" condition-coverage="100% (12/12)" />
            <line number="123" hits="2542" branch="false" />
            <line number="124" hits="2542" branch="true" condition-coverage="100% (2/2)" />
            <line number="126" hits="971" branch="false" />
            <line number="127" hits="971" branch="true" condition-coverage="100% (2/2)" />
            <line number="129" hits="956" branch="false" />
            <line number="130" hits="956" branch="true" condition-coverage="100% (2/2)" />
            <line number="132" hits="486" branch="false" />
            <line number="134" hits="956" branch="true" condition-coverage="100% (4/4)" />
            <line number="137" hits="971" branch="false" />
            <line number="138" hits="971" branch="true" condition-coverage="100% (2/2)" />
            <line number="140" hits="956" branch="false" />
            <line number="143" hits="971" branch="true" condition-coverage="100% (4/4)" />
            <line number="148" hits="2542" branch="false" />
            <line number="150" hits="0" branch="false" />
            <line number="152" hits="0" branch="false" />
            <line number="154" hits="2542" branch="false" />
            <line number="168" hits="141795" branch="false" />
            <line number="169" hits="141795" branch="false" />
            <line number="170" hits="141795" branch="true" condition-coverage="100% (8/8)" />
            <line number="172" hits="102605" branch="true" condition-coverage="100% (2/2)" />
            <line number="174" hits="1" branch="false" />
            <line number="178" hits="102604" branch="false" />
            <line number="179" hits="102604" branch="false" />
            <line number="184" hits="39190" branch="false" />
            <line number="197" hits="148065" branch="true" condition-coverage="100% (2/2)" />
            <line number="199" hits="52" branch="false" />
            <line number="202" hits="148013" branch="false" />
            <line number="204" hits="148013" branch="true" condition-coverage="100% (4/4)" />
            <line number="206" hits="26111" branch="true" condition-coverage="100% (2/2)" />
            <line number="208" hits="5917" branch="false" />
            <line number="209" hits="5917" branch="true" condition-coverage="100% (2/2)" />
            <line number="211" hits="5916" branch="false" />
            <line number="215" hits="1" branch="false" />
            <line number="218" hits="20194" branch="true" condition-coverage="100% (2/2)" />
            <line number="220" hits="4978" branch="false" />
            <line number="222" hits="15216" branch="true" condition-coverage="100% (2/2)" />
            <line number="224" hits="2903" branch="false" />
            <line number="226" hits="12313" branch="true" condition-coverage="100% (2/2)" />
            <line number="228" hits="202" branch="false" />
            <line number="230" hits="12111" branch="true" condition-coverage="100% (2/2)" />
            <line number="232" hits="1021" branch="false" />
            <line number="234" hits="11090" branch="true" condition-coverage="100% (2/2)" />
            <line number="236" hits="2062" branch="false" />
            <line number="240" hits="9028" branch="false" />
            <line number="243" hits="121902" branch="true" condition-coverage="100% (4/4)" />
            <line number="245" hits="36154" branch="true" condition-coverage="100% (2/2)" />
            <line number="247" hits="12824" branch="false" />
            <line number="248" hits="12824" branch="true" condition-coverage="100% (6/6)" />
            <line number="250" hits="1007" branch="false" />
            <line number="251" hits="1007" branch="false" />
            <line number="255" hits="11817" branch="false" />
            <line number="256" hits="11817" branch="true" condition-coverage="100% (6/6)" />
            <line number="258" hits="5731" branch="false" />
            <line number="260" hits="5731" branch="false" />
            <line number="265" hits="6086" branch="false" />
            <line number="271" hits="23330" branch="false" />
            <line number="276" hits="85748" branch="false" />
            <line number="282" hits="5917" branch="false" />
            <line number="283" hits="5917" branch="false" />
            <line number="287" hits="54655" branch="false" />
            <line number="288" hits="54655" branch="true" condition-coverage="100% (4/4)" />
            <line number="291" hits="1" branch="false" />
            <line number="292" hits="1" branch="false" />
            <line number="295" hits="54654" branch="false" />
            <line number="296" hits="54654" branch="true" condition-coverage="100% (2/2)" />
            <line number="298" hits="15727" branch="true" condition-coverage="100% (2/2)" />
            <line number="305" hits="5916" branch="false" />
            <line number="310" hits="209406" branch="true" condition-coverage="50% (1/2)" />
            <line number="312" hits="0" branch="false" />
            <line number="315" hits="209406" branch="false" />
            <line number="316" hits="209406" branch="false" />
            <line number="317" hits="209406" branch="false" />
            <line number="322" hits="25802" branch="true" condition-coverage="50% (1/2)" />
            <line number="324" hits="0" branch="false" />
            <line number="326" hits="25802" branch="false" />
            <line number="331" hits="566" branch="false" />
            <line number="332" hits="566" branch="false" />
            <line number="336" hits="892" branch="true" condition-coverage="50% (1/2)" />
            <line number="338" hits="0" branch="false" />
            <line number="340" hits="892" branch="false" />
            <line number="341" hits="892" branch="false" />
          </lines>
        </class>
        <class name="ECMABasic.Application.Configuration.MinimalBasicConfiguration" filename="C:\Users\TreyTomes\projects\ecma_basic\src\ECMABasic.Application\Configuration\MinimalBasicConfiguration.cs" line-rate="0.9259259259259259" branch-rate="0.5" complexity="13">
          <methods>
            <method name="get_Instance" signature="()" line-rate="1" branch-rate="1" complexity="1">
              <lines>
                <line number="28" hits="3046" branch="false" />
              </lines>
            </method>
            <method name="get_MaxLineLength" signature="()" line-rate="1" branch-rate="1" complexity="1">
              <lines>
                <line number="30" hits="5191" branch="false" />
              </lines>
            </method>
            <method name="get_MaxStringLength" signature="()" line-rate="1" branch-rate="1" complexity="1">
              <lines>
                <line number="32" hits="1275" branch="false" />
              </lines>
            </method>
            <method name="get_TerminalWidth" signature="()" line-rate="1" branch-rate="1" complexity="1">
              <lines>
                <line number="34" hits="4763" branch="false" />
              </lines>
            </method>
            <method name="get_NumTerminalColumns" signature="()" line-rate="1" branch-rate="1" complexity="1">
              <lines>
                <line number="36" hits="5127" branch="false" />
              </lines>
            </method>
            <method name="get_TerminalColumnWidth" signature="()" line-rate="1" branch-rate="1" complexity="1">
              <lines>
                <line number="42" hits="3418" branch="false" />
              </lines>
            </method>
            <method name="get_MaxLineNumberDigits" signature="()" line-rate="1" branch-rate="1" complexity="1">
              <lines>
                <line number="46" hits="5359" branch="false" />
              </lines>
            </method>
            <method name="get_SignificanceWidth" signature="()" line-rate="1" branch-rate="1" complexity="1">
              <lines>
                <line number="48" hits="15552" branch="false" />
              </lines>
            </method>
            <method name="get_ExradWidth" signature="()" line-rate="1" branch-rate="1" complexity="1">
              <lines>
                <line number="50" hits="2816" branch="false" />
              </lines>
            </method>
            <method name="get_MaxLineNumber" signature="()" line-rate="0" branch-rate="1" complexity="1">
              <lines>
                <line number="56" hits="0" branch="false" />
              </lines>
            </method>
            <method name="GetValueOrDefault" signature="(Microsoft.Extensions.Configuration.IConfiguration,System.String,T)" line-rate="0.8" branch-rate="0.5" complexity="2">
              <lines>
                <line number="62" hits="7" branch="false" />
                <line number="63" hits="7" branch="false" />
                <line number="64" hits="7" branch="true" condition-coverage="50% (1/2)" />
                <line number="66" hits="7" branch="false" />
                <line number="70" hits="0" branch="false" />
              </lines>
            </method>
            <method name=".ctor" signature="()" line-rate="1" branch-rate="1" complexity="1">
              <lines>
                <line number="13" hits="1" branch="false" />
                <line number="15" hits="1" branch="false" />
                <line number="16" hits="1" branch="false" />
                <line number="17" hits="1" branch="false" />
                <line number="19" hits="1" branch="false" />
                <line number="20" hits="1" branch="false" />
                <line number="21" hits="1" branch="false" />
                <line number="22" hits="1" branch="false" />
                <line number="23" hits="1" branch="false" />
                <line number="24" hits="1" branch="false" />
                <line number="25" hits="1" branch="false" />
                <line number="26" hits="1" branch="false" />
              </lines>
            </method>
          </methods>
          <lines>
            <line number="13" hits="1" branch="false" />
            <line number="15" hits="1" branch="false" />
            <line number="16" hits="1" branch="false" />
            <line number="17" hits="1" branch="false" />
            <line number="19" hits="1" branch="false" />
            <line number="20" hits="1" branch="false" />
            <line number="21" hits="1" branch="false" />
            <line number="22" hits="1" branch="false" />
            <line number="23" hits="1" branch="false" />
            <line number="24" hits="1" branch="false" />
            <line number="25" hits="1" branch="false" />
            <line number="26" hits="1" branch="false" />
            <line number="28" hits="3046" branch="false" />
            <line number="30" hits="5191" branch="false" />
            <line number="32" hits="1275" branch="false" />
            <line number="34" hits="4763" branch="false" />
            <line number="36" hits="5127" branch="false" />
            <line number="42" hits="3418" branch="false" />
            <line number="46" hits="5359" branch="false" />
            <line number="48" hits="15552" branch="false" />
            <line number="50" hits="2816" branch="false" />
            <line number="56" hits="0" branch="false" />
            <line number="62" hits="7" branch="false" />
            <line number="63" hits="7" branch="false" />
            <line number="64" hits="7" branch="true" condition-coverage="50% (1/2)" />
            <line number="66" hits="7" branch="false" />
            <line number="70" hits="0" branch="false" />
          </lines>
        </class>
        <class name="ECMABasic.Application.DataPointer" filename="C:\Users\TreyTomes\projects\ecma_basic\src\ECMABasic.Application\DataPointer.cs" line-rate="1" branch-rate="1" complexity="2">
          <methods>
            <method name="get_LineIndex" signature="()" line-rate="1" branch-rate="1" complexity="1">
              <lines>
                <line number="7" hits="1328" branch="false" />
              </lines>
            </method>
            <method name="get_DatumIndex" signature="()" line-rate="1" branch-rate="1" complexity="1">
              <lines>
                <line number="8" hits="3324" branch="false" />
              </lines>
            </method>
          </methods>
          <lines>
            <line number="7" hits="1328" branch="false" />
            <line number="8" hits="3324" branch="false" />
          </lines>
        </class>
        <class name="ECMABasic.Application.EndStatementParser" filename="C:\Users\TreyTomes\projects\ecma_basic\src\ECMABasic.Application\Parsers\EndStatementParser.cs" line-rate="1" branch-rate="1" complexity="2">
          <methods>
            <method name="Parse" signature="(ECMABasic.Application.ComplexTokenReader,System.Nullable`1&lt;System.Int32&gt;)" line-rate="1" branch-rate="1" complexity="2">
              <lines>
                <line number="11" hits="5124" branch="false" />
                <line number="12" hits="5124" branch="true" condition-coverage="100% (2/2)" />
                <line number="14" hits="5074" branch="false" />
                <line number="16" hits="50" branch="false" />
              </lines>
            </method>
          </methods>
          <lines>
            <line number="11" hits="5124" branch="false" />
            <line number="12" hits="5124" branch="true" condition-coverage="100% (2/2)" />
            <line number="14" hits="5074" branch="false" />
            <line number="16" hits="50" branch="false" />
          </lines>
        </class>
        <class name="ECMABasic.Application.EnvironmentBase" filename="C:\Users\TreyTomes\projects\ecma_basic\src\ECMABasic.Application\EnvironmentBase.cs" line-rate="0.746268656716418" branch-rate="0.75" complexity="37">
          <methods>
            <method name="get_Configuration" signature="()" line-rate="1" branch-rate="1" complexity="1">
              <lines>
                <line number="24" hits="4329" branch="false" />
              </lines>
            </method>
            <method name="get_Interpreter" signature="()" line-rate="0" branch-rate="1" complexity="1">
              <lines>
                <line number="26" hits="0" branch="false" />
              </lines>
            </method>
            <method name="get_CurrentLineNumber" signature="()" line-rate="1" branch-rate="1" complexity="1">
              <lines>
                <line number="31" hits="67259" branch="false" />
              </lines>
            </method>
            <method name="get_Program" signature="()" line-rate="1" branch-rate="1" complexity="1">
              <lines>
                <line number="37" hits="11727" branch="false" />
              </lines>
            </method>
            <method name="GetStringVariableValue" signature="(System.String)" line-rate="1" branch-rate="1" complexity="2">
              <lines>
                <line number="50" hits="1439" branch="true" condition-coverage="100% (2/2)" />
                <line number="52" hits="1" branch="false" />
                <line number="53" hits="1" branch="false" />
                <line number="54" hits="1" branch="false" />
                <line number="56" hits="1438" branch="false" />
              </lines>
            </method>
            <method name="SetStringVariableValue" signature="(System.String,System.String)" line-rate="0.8333333333333334" branch-rate="0.75" complexity="4">
              <lines>
                <line number="62" hits="1275" branch="true" condition-coverage="100% (2/2)" />
                <line number="64" hits="1" branch="false" />
                <line number="66" hits="1274" branch="true" condition-coverage="50% (1/2)" />
                <line number="68" hits="0" branch="false" />
                <line number="70" hits="1274" branch="false" />
                <line number="71" hits="1274" branch="false" />
              </lines>
            </method>
            <method name="GetNumericVariableValue" signature="(System.String)" line-rate="1" branch-rate="1" complexity="2">
              <lines>
                <line number="76" hits="9544" branch="true" condition-coverage="100% (2/2)" />
                <line number="78" hits="1" branch="false" />
                <line number="79" hits="1" branch="false" />
                <line number="80" hits="1" branch="false" />
                <line number="82" hits="9543" branch="false" />
              </lines>
            </method>
            <method name="SetNumericVariableValue" signature="(System.String,System.Double)" line-rate="0.75" branch-rate="0.5" complexity="2">
              <lines>
                <line number="88" hits="4274" branch="true" condition-coverage="50% (1/2)" />
                <line number="90" hits="0" branch="false" />
                <line number="92" hits="4274" branch="false" />
                <line number="93" hits="4274" branch="false" />
              </lines>
            </method>
            <method name="Clear" signature="()" line-rate="0" branch-rate="1" complexity="1">
              <lines>
                <line number="97" hits="0" branch="false" />
                <line number="98" hits="0" branch="false" />
                <line number="99" hits="0" branch="false" />
                <line number="100" hits="0" branch="false" />
                <line number="101" hits="0" branch="false" />
              </lines>
            </method>
            <method name="ValidateLineNumber" signature="(System.Int32,System.Boolean)" line-rate="0.8" branch-rate="0.75" complexity="4">
              <lines>
                <line number="105" hits="222141" branch="true" condition-coverage="100% (2/2)" />
                <line number="107" hits="2" branch="true" condition-coverage="50% (1/2)" />
                <line number="109" hits="0" branch="false" />
                <line number="113" hits="2" branch="false" />
                <line number="118" hits="1917" branch="false" />
              </lines>
            </method>
            <method name="PushCallStack" signature="(ECMABasic.Domain.ICallStackContext)" line-rate="1" branch-rate="1" complexity="1">
              <lines>
                <line number="124" hits="2065" branch="false" />
                <line number="125" hits="2065" branch="false" />
              </lines>
            </method>
            <method name="PopCallStack" signature="()" line-rate="1" branch-rate="1" complexity="2">
              <lines>
                <line number="129" hits="2600" branch="true" condition-coverage="100% (2/2)" />
                <line number="131" hits="535" branch="false" />
                <line number="133" hits="2065" branch="false" />
              </lines>
            </method>
            <method name="LoadFile" signature="(System.String)" line-rate="0" branch-rate="1" complexity="1">
              <lines>
                <line number="140" hits="0" branch="false" />
                <line number="141" hits="0" branch="false" />
              </lines>
            </method>
            <method name="ReadData" signature="()" line-rate="0.8888888888888888" branch-rate="0.75" complexity="4">
              <lines>
                <line number="146" hits="760" branch="false" />
                <line number="147" hits="760" branch="true" condition-coverage="50% (1/2)" />
                <line number="149" hits="0" branch="false" />
                <line number="151" hits="760" branch="false" />
                <line number="152" hits="760" branch="false" />
                <line number="153" hits="760" branch="true" condition-coverage="100% (2/2)" />
                <line number="155" hits="284" branch="false" />
                <line number="156" hits="284" branch="false" />
                <line number="158" hits="760" branch="false" />
              </lines>
            </method>
            <method name="ResetDataPointer" signature="()" line-rate="0" branch-rate="1" complexity="1">
              <lines>
                <line number="163" hits="0" branch="false" />
                <line number="164" hits="0" branch="false" />
                <line number="165" hits="0" branch="false" />
              </lines>
            </method>
            <method name="GetNextLineNumber" signature="(System.Int32)" line-rate="1" branch-rate="1" complexity="1">
              <lines>
                <line number="169" hits="646" branch="false" />
              </lines>
            </method>
            <method name="MoveToNextLine" signature="()" line-rate="1" branch-rate="0.5" complexity="2">
              <lines>
                <line number="174" hits="48" branch="false" />
                <line number="175" hits="48" branch="true" condition-coverage="50% (1/2)" />
              </lines>
            </method>
            <method name="GetStatementAtLine" signature="(System.Int32)" line-rate="0" branch-rate="0" complexity="2">
              <lines>
                <line number="180" hits="0" branch="false" />
                <line number="181" hits="0" branch="true" condition-coverage="0% (0/2)" />
              </lines>
            </method>
            <method name=".ctor" signature="(ECMABasic.Application.Interpreter,ECMABasic.Domain.IBasicConfiguration)" line-rate="1" branch-rate="1" complexity="4">
              <lines>
                <line number="12" hits="56" branch="false" />
                <line number="13" hits="56" branch="false" />
                <line number="14" hits="56" branch="false" />
                <line number="15" hits="56" branch="false" />
                <line number="17" hits="56" branch="false" />
                <line number="19" hits="56" branch="true" condition-coverage="100% (2/2)" />
                <line number="20" hits="56" branch="true" condition-coverage="100% (2/2)" />
                <line number="21" hits="56" branch="false" />
                <line number="22" hits="56" branch="false" />
              </lines>
            </method>
          </methods>
          <lines>
            <line number="12" hits="56" branch="false" />
            <line number="13" hits="56" branch="false" />
            <line number="14" hits="56" branch="false" />
            <line number="15" hits="56" branch="false" />
            <line number="17" hits="56" branch="false" />
            <line number="19" hits="56" branch="true" condition-coverage="100% (2/2)" />
            <line number="20" hits="56" branch="true" condition-coverage="100% (2/2)" />
            <line number="21" hits="56" branch="false" />
            <line number="22" hits="56" branch="false" />
            <line number="24" hits="4329" branch="false" />
            <line number="26" hits="0" branch="false" />
            <line number="31" hits="67259" branch="false" />
            <line number="37" hits="11727" branch="false" />
            <line number="50" hits="1439" branch="true" condition-coverage="100% (2/2)" />
            <line number="52" hits="1" branch="false" />
            <line number="53" hits="1" branch="false" />
            <line number="54" hits="1" branch="false" />
            <line number="56" hits="1438" branch="false" />
            <line number="62" hits="1275" branch="true" condition-coverage="100% (2/2)" />
            <line number="64" hits="1" branch="false" />
            <line number="66" hits="1274" branch="true" condition-coverage="50% (1/2)" />
            <line number="68" hits="0" branch="false" />
            <line number="70" hits="1274" branch="false" />
            <line number="71" hits="1274" branch="false" />
            <line number="76" hits="9544" branch="true" condition-coverage="100% (2/2)" />
            <line number="78" hits="1" branch="false" />
            <line number="79" hits="1" branch="false" />
            <line number="80" hits="1" branch="false" />
            <line number="82" hits="9543" branch="false" />
            <line number="88" hits="4274" branch="true" condition-coverage="50% (1/2)" />
            <line number="90" hits="0" branch="false" />
            <line number="92" hits="4274" branch="false" />
            <line number="93" hits="4274" branch="false" />
            <line number="97" hits="0" branch="false" />
            <line number="98" hits="0" branch="false" />
            <line number="99" hits="0" branch="false" />
            <line number="100" hits="0" branch="false" />
            <line number="101" hits="0" branch="false" />
            <line number="105" hits="222141" branch="true" condition-coverage="100% (2/2)" />
            <line number="107" hits="2" branch="true" condition-coverage="50% (1/2)" />
            <line number="109" hits="0" branch="false" />
            <line number="113" hits="2" branch="false" />
            <line number="118" hits="1917" branch="false" />
            <line number="124" hits="2065" branch="false" />
            <line number="125" hits="2065" branch="false" />
            <line number="129" hits="2600" branch="true" condition-coverage="100% (2/2)" />
            <line number="131" hits="535" branch="false" />
            <line number="133" hits="2065" branch="false" />
            <line number="140" hits="0" branch="false" />
            <line number="141" hits="0" branch="false" />
            <line number="146" hits="760" branch="false" />
            <line number="147" hits="760" branch="true" condition-coverage="50% (1/2)" />
            <line number="149" hits="0" branch="false" />
            <line number="151" hits="760" branch="false" />
            <line number="152" hits="760" branch="false" />
            <line number="153" hits="760" branch="true" condition-coverage="100% (2/2)" />
            <line number="155" hits="284" branch="false" />
            <line number="156" hits="284" branch="false" />
            <line number="158" hits="760" branch="false" />
            <line number="163" hits="0" branch="false" />
            <line number="164" hits="0" branch="false" />
            <line number="165" hits="0" branch="false" />
            <line number="169" hits="646" branch="false" />
            <line number="174" hits="48" branch="false" />
            <line number="175" hits="48" branch="true" condition-coverage="50% (1/2)" />
            <line number="180" hits="0" branch="false" />
            <line number="181" hits="0" branch="true" condition-coverage="0% (0/2)" />
          </lines>
        </class>
        <class name="ECMABasic.Application.ExceptionFactory" filename="C:\Users\TreyTomes\projects\ecma_basic\src\ECMABasic.Application\Exceptions\ExceptionFactory.cs" line-rate="0.45161290322580644" branch-rate="1" complexity="31">
          <methods>
            <method name="Syntax" signature="()" line-rate="0" branch-rate="1" complexity="1">
              <lines>
                <line number="12" hits="0" branch="false" />
              </lines>
            </method>
            <method name="ProgramStop" signature="(System.Nullable`1&lt;System.Int32&gt;)" line-rate="1" branch-rate="1" complexity="1">
              <lines>
                <line number="17" hits="13" branch="false" />
              </lines>
            </method>
            <method name="ProgramEnd" signature="(System.Nullable`1&lt;System.Int32&gt;)" line-rate="1" branch-rate="1" complexity="1">
              <lines>
                <line number="22" hits="30" branch="false" />
              </lines>
            </method>
            <method name="NoEndInstruction" signature="()" line-rate="1" branch-rate="1" complexity="1">
              <lines>
                <line number="27" hits="1" branch="false" />
              </lines>
            </method>
            <method name="EndIsNotLast" signature="(System.Nullable`1&lt;System.Int32&gt;)" line-rate="1" branch-rate="1" complexity="1">
              <lines>
                <line number="32" hits="1" branch="false" />
              </lines>
            </method>
            <method name="LineNumberExpected" signature="()" line-rate="0" branch-rate="1" complexity="1">
              <lines>
                <line number="37" hits="0" branch="false" />
              </lines>
            </method>
            <method name="LineTooLong" signature="(System.Int32,System.Nullable`1&lt;System.Int32&gt;)" line-rate="1" branch-rate="1" complexity="1">
              <lines>
                <line number="42" hits="1" branch="false" />
              </lines>
            </method>
            <method name="UndefinedFunction" signature="(System.Nullable`1&lt;System.Int32&gt;)" line-rate="0" branch-rate="1" complexity="1">
              <lines>
                <line number="47" hits="0" branch="false" />
              </lines>
            </method>
            <method name="NotAllowedInProgram" signature="(System.Nullable`1&lt;System.Int32&gt;)" line-rate="0" branch-rate="1" complexity="1">
              <lines>
                <line number="52" hits="0" branch="false" />
              </lines>
            </method>
            <method name="OnlyAllowedInProgram" signature="(System.Nullable`1&lt;System.Int32&gt;)" line-rate="0" branch-rate="1" complexity="1">
              <lines>
                <line number="57" hits="0" branch="false" />
              </lines>
            </method>
            <method name="UndefinedLineNumber" signature="(System.Int32,System.Nullable`1&lt;System.Int32&gt;)" line-rate="1" branch-rate="1" complexity="1">
              <lines>
                <line number="62" hits="2" branch="false" />
              </lines>
            </method>
            <method name="LineNumberOutOfRange" signature="(System.Int32,System.Nullable`1&lt;System.Int32&gt;)" line-rate="0" branch-rate="1" complexity="1">
              <lines>
                <line number="67" hits="0" branch="false" />
              </lines>
            </method>
            <method name="ForWithoutNext" signature="(System.Nullable`1&lt;System.Int32&gt;)" line-rate="1" branch-rate="1" complexity="1">
              <lines>
                <line number="72" hits="1" branch="false" />
              </lines>
            </method>
            <method name="NextWithoutFor" signature="(System.Nullable`1&lt;System.Int32&gt;)" line-rate="1" branch-rate="1" complexity="1">
              <lines>
                <line number="77" hits="3" branch="false" />
              </lines>
            </method>
            <method name="ForUsingPreviousControlVariable" signature="(System.Nullable`1&lt;System.Int32&gt;)" line-rate="1" branch-rate="1" complexity="1">
              <lines>
                <line number="82" hits="1" branch="false" />
              </lines>
            </method>
            <method name="ControlTransferIntoForBlock" signature="(System.Nullable`1&lt;System.Int32&gt;)" line-rate="1" branch-rate="1" complexity="1">
              <lines>
                <line number="87" hits="1" branch="false" />
              </lines>
            </method>
            <method name="ReturnWithoutGosub" signature="(System.Nullable`1&lt;System.Int32&gt;)" line-rate="0" branch-rate="1" complexity="1">
              <lines>
                <line number="92" hits="0" branch="false" />
              </lines>
            </method>
            <method name="MixedStringsAndNumbers" signature="(System.Nullable`1&lt;System.Int32&gt;)" line-rate="1" branch-rate="1" complexity="1">
              <lines>
                <line number="97" hits="1" branch="false" />
              </lines>
            </method>
            <method name="OutOfData" signature="(System.Nullable`1&lt;System.Int32&gt;)" line-rate="0" branch-rate="1" complexity="1">
              <lines>
                <line number="102" hits="0" branch="false" />
              </lines>
            </method>
            <method name="ExpectedConditionalExpression" signature="(System.Nullable`1&lt;System.Int32&gt;)" line-rate="0" branch-rate="1" complexity="1">
              <lines>
                <line number="107" hits="0" branch="false" />
              </lines>
            </method>
            <method name="ExpectedStringExpression" signature="(System.Nullable`1&lt;System.Int32&gt;)" line-rate="1" branch-rate="1" complexity="1">
              <lines>
                <line number="112" hits="1" branch="false" />
              </lines>
            </method>
            <method name="ExpectedNumericExpression" signature="(System.Nullable`1&lt;System.Int32&gt;)" line-rate="0" branch-rate="1" complexity="1">
              <lines>
                <line number="117" hits="0" branch="false" />
              </lines>
            </method>
            <method name="ExpectedNumericVariable" signature="(System.Nullable`1&lt;System.Int32&gt;)" line-rate="0" branch-rate="1" complexity="1">
              <lines>
                <line number="122" hits="0" branch="false" />
              </lines>
            </method>
            <method name="ExpectedVariable" signature="(System.Nullable`1&lt;System.Int32&gt;)" line-rate="0" branch-rate="1" complexity="1">
              <lines>
                <line number="127" hits="0" branch="false" />
              </lines>
            </method>
            <method name="ExpectedData" signature="(System.Nullable`1&lt;System.Int32&gt;)" line-rate="0" branch-rate="1" complexity="1">
              <lines>
                <line number="132" hits="0" branch="false" />
              </lines>
            </method>
            <method name="StringOverflow" signature="(System.Nullable`1&lt;System.Int32&gt;)" line-rate="1" branch-rate="1" complexity="1">
              <lines>
                <line number="137" hits="1" branch="false" />
              </lines>
            </method>
            <method name="ArgumentCountMismatch" signature="(System.Nullable`1&lt;System.Int32&gt;)" line-rate="0" branch-rate="1" complexity="1">
              <lines>
                <line number="142" hits="0" branch="false" />
              </lines>
            </method>
            <method name="ArgumentTypeMismatch" signature="(System.Nullable`1&lt;System.Int32&gt;)" line-rate="0" branch-rate="1" complexity="1">
              <lines>
                <line number="147" hits="0" branch="false" />
              </lines>
            </method>
            <method name="IllegalOperator" signature="(System.Nullable`1&lt;System.Int32&gt;)" line-rate="0" branch-rate="1" complexity="1">
              <lines>
                <line number="152" hits="0" branch="false" />
              </lines>
            </method>
            <method name="IllegalFormula" signature="(System.Nullable`1&lt;System.Int32&gt;)" line-rate="1" branch-rate="1" complexity="1">
              <lines>
                <line number="157" hits="1" branch="false" />
              </lines>
            </method>
            <method name="IndexOutOfRange" signature="(System.Nullable`1&lt;System.Int32&gt;)" line-rate="0" branch-rate="1" complexity="1">
              <lines>
                <line number="162" hits="0" branch="false" />
              </lines>
            </method>
          </methods>
          <lines>
            <line number="12" hits="0" branch="false" />
            <line number="17" hits="13" branch="false" />
            <line number="22" hits="30" branch="false" />
            <line number="27" hits="1" branch="false" />
            <line number="32" hits="1" branch="false" />
            <line number="37" hits="0" branch="false" />
            <line number="42" hits="1" branch="false" />
            <line number="47" hits="0" branch="false" />
            <line number="52" hits="0" branch="false" />
            <line number="57" hits="0" branch="false" />
            <line number="62" hits="2" branch="false" />
            <line number="67" hits="0" branch="false" />
            <line number="72" hits="1" branch="false" />
            <line number="77" hits="3" branch="false" />
            <line number="82" hits="1" branch="false" />
            <line number="87" hits="1" branch="false" />
            <line number="92" hits="0" branch="false" />
            <line number="97" hits="1" branch="false" />
            <line number="102" hits="0" branch="false" />
            <line number="107" hits="0" branch="false" />
            <line number="112" hits="1" branch="false" />
            <line number="117" hits="0" branch="false" />
            <line number="122" hits="0" branch="false" />
            <line number="127" hits="0" branch="false" />
            <line number="132" hits="0" branch="false" />
            <line number="137" hits="1" branch="false" />
            <line number="142" hits="0" branch="false" />
            <line number="147" hits="0" branch="false" />
            <line number="152" hits="0" branch="false" />
            <line number="157" hits="1" branch="false" />
            <line number="162" hits="0" branch="false" />
          </lines>
        </class>
        <class name="ECMABasic.Application.Exceptions.NoEndInstructionException" filename="C:\Users\TreyTomes\projects\ecma_basic\src\ECMABasic.Application\Exceptions\NoEndInstructionException.cs" line-rate="1" branch-rate="1" complexity="1">
          <methods>
            <method name=".ctor" signature="()" line-rate="1" branch-rate="1" complexity="1">
              <lines>
                <line number="10" hits="1" branch="false" />
                <line number="12" hits="1" branch="false" />
              </lines>
            </method>
          </methods>
          <lines>
            <line number="10" hits="1" branch="false" />
            <line number="12" hits="1" branch="false" />
          </lines>
        </class>
        <class name="ECMABasic.Application.Exceptions.ProgramEndException" filename="C:\Users\TreyTomes\projects\ecma_basic\src\ECMABasic.Application\Exceptions\ProgramEndException.cs" line-rate="1" branch-rate="1" complexity="1">
          <methods>
            <method name=".ctor" signature="(System.Nullable`1&lt;System.Int32&gt;)" line-rate="1" branch-rate="1" complexity="1">
              <lines>
                <line number="8" hits="30" branch="false" />
                <line number="10" hits="30" branch="false" />
              </lines>
            </method>
          </methods>
          <lines>
            <line number="8" hits="30" branch="false" />
            <line number="10" hits="30" branch="false" />
          </lines>
        </class>
        <class name="ECMABasic.Application.Exceptions.ProgramStopException" filename="C:\Users\TreyTomes\projects\ecma_basic\src\ECMABasic.Application\Exceptions\ProgramStopException.cs" line-rate="1" branch-rate="1" complexity="1">
          <methods>
            <method name=".ctor" signature="(System.Nullable`1&lt;System.Int32&gt;)" line-rate="1" branch-rate="1" complexity="1">
              <lines>
                <line number="8" hits="13" branch="false" />
                <line number="10" hits="13" branch="false" />
              </lines>
            </method>
          </methods>
          <lines>
            <line number="8" hits="13" branch="false" />
            <line number="10" hits="13" branch="false" />
          </lines>
        </class>
        <class name="ECMABasic.Application.Exceptions.RuntimeException" filename="C:\Users\TreyTomes\projects\ecma_basic\src\ECMABasic.Application\Exceptions\RuntimeException.cs" line-rate="0.6666666666666666" branch-rate="0.5" complexity="4">
          <methods>
            <method name="get_RootMessage" signature="()" line-rate="0" branch-rate="1" complexity="1">
              <lines>
                <line number="16" hits="0" branch="false" />
              </lines>
            </method>
            <method name="get_LineNumber" signature="()" line-rate="0" branch-rate="1" complexity="1">
              <lines>
                <line number="17" hits="0" branch="false" />
              </lines>
            </method>
            <method name=".ctor" signature="(System.String,System.Nullable`1&lt;System.Int32&gt;)" line-rate="1" branch-rate="0.5" complexity="2">
              <lines>
                <line number="10" hits="47" branch="true" condition-coverage="50% (1/2)" />
                <line number="12" hits="47" branch="false" />
                <line number="13" hits="47" branch="false" />
                <line number="14" hits="47" branch="false" />
              </lines>
            </method>
          </methods>
          <lines>
            <line number="10" hits="47" branch="true" condition-coverage="50% (1/2)" />
            <line number="12" hits="47" branch="false" />
            <line number="13" hits="47" branch="false" />
            <line number="14" hits="47" branch="false" />
            <line number="16" hits="0" branch="false" />
            <line number="17" hits="0" branch="false" />
          </lines>
        </class>
        <class name="ECMABasic.Application.Exceptions.SyntaxException" filename="C:\Users\TreyTomes\projects\ecma_basic\src\ECMABasic.Application\Exceptions\SyntaxException.cs" line-rate="0.4" branch-rate="0.5" complexity="6">
          <methods>
            <method name="get_RootMessage" signature="()" line-rate="0" branch-rate="1" complexity="1">
              <lines>
                <line number="23" hits="0" branch="false" />
              </lines>
            </method>
            <method name="get_LineNumber" signature="()" line-rate="0" branch-rate="1" complexity="1">
              <lines>
                <line number="24" hits="0" branch="false" />
              </lines>
            </method>
            <method name=".ctor" signature="(System.String,System.Nullable`1&lt;System.Int32&gt;)" line-rate="1" branch-rate="1" complexity="2">
              <lines>
                <line number="10" hits="11" branch="true" condition-coverage="100% (2/2)" />
                <line number="12" hits="11" branch="false" />
                <line number="13" hits="11" branch="false" />
                <line number="14" hits="11" branch="false" />
              </lines>
            </method>
            <method name=".ctor" signature="(ECMABasic.Application.Exceptions.SyntaxException,System.Nullable`1&lt;System.Int32&gt;)" line-rate="0" branch-rate="0" complexity="2">
              <lines>
                <line number="17" hits="0" branch="true" condition-coverage="0% (0/2)" />
                <line number="19" hits="0" branch="false" />
                <line number="20" hits="0" branch="false" />
                <line number="21" hits="0" branch="false" />
              </lines>
            </method>
          </methods>
          <lines>
            <line number="10" hits="11" branch="true" condition-coverage="100% (2/2)" />
            <line number="12" hits="11" branch="false" />
            <line number="13" hits="11" branch="false" />
            <line number="14" hits="11" branch="false" />
            <line number="17" hits="0" branch="true" condition-coverage="0% (0/2)" />
            <line number="19" hits="0" branch="false" />
            <line number="20" hits="0" branch="false" />
            <line number="21" hits="0" branch="false" />
            <line number="23" hits="0" branch="false" />
            <line number="24" hits="0" branch="false" />
          </lines>
        </class>
        <class name="ECMABasic.Application.Exceptions.UnexpectedCharacterException" filename="C:\Users\TreyTomes\projects\ecma_basic\src\ECMABasic.Application\Exceptions\UnexpectedCharacterException.cs" line-rate="0" branch-rate="1" complexity="6">
          <methods>
            <method name="get_Line" signature="()" line-rate="0" branch-rate="1" complexity="1">
              <lines>
                <line number="23" hits="0" branch="false" />
              </lines>
            </method>
            <method name="get_Column" signature="()" line-rate="0" branch-rate="1" complexity="1">
              <lines>
                <line number="24" hits="0" branch="false" />
              </lines>
            </method>
            <method name="get_Expected" signature="()" line-rate="0" branch-rate="1" complexity="1">
              <lines>
                <line number="25" hits="0" branch="false" />
              </lines>
            </method>
            <method name="get_Found" signature="()" line-rate="0" branch-rate="1" complexity="1">
              <lines>
                <line number="26" hits="0" branch="false" />
              </lines>
            </method>
            <method name=".ctor" signature="(System.Int32,System.Int32,System.String,System.String)" line-rate="0" branch-rate="1" complexity="1">
              <lines>
                <line number="10" hits="0" branch="false" />
                <line number="12" hits="0" branch="false" />
                <line number="13" hits="0" branch="false" />
                <line number="14" hits="0" branch="false" />
                <line number="15" hits="0" branch="false" />
                <line number="16" hits="0" branch="false" />
              </lines>
            </method>
            <method name=".ctor" signature="(System.Int32,System.Int32,System.String,System.Char)" line-rate="0" branch-rate="1" complexity="1">
              <lines>
                <line number="19" hits="0" branch="false" />
                <line number="21" hits="0" branch="false" />
              </lines>
            </method>
          </methods>
          <lines>
            <line number="10" hits="0" branch="false" />
            <line number="12" hits="0" branch="false" />
            <line number="13" hits="0" branch="false" />
            <line number="14" hits="0" branch="false" />
            <line number="15" hits="0" branch="false" />
            <line number="16" hits="0" branch="false" />
            <line number="19" hits="0" branch="false" />
            <line number="21" hits="0" branch="false" />
            <line number="23" hits="0" branch="false" />
            <line number="24" hits="0" branch="false" />
            <line number="25" hits="0" branch="false" />
            <line number="26" hits="0" branch="false" />
          </lines>
        </class>
        <class name="ECMABasic.Application.Exceptions.UnexpectedTokenException" filename="C:\Users\TreyTomes\projects\ecma_basic\src\ECMABasic.Application\Exceptions\UnexpectedTokenException.cs" line-rate="0.6666666666666666" branch-rate="0.5" complexity="10">
          <methods>
            <method name="get_ExpectedType" signature="()" line-rate="0" branch-rate="1" complexity="1">
              <lines>
                <line number="16" hits="0" branch="false" />
              </lines>
            </method>
[...]
          <methods>
            <method name="get_LoopVar" signature="()" line-rate="1" branch-rate="1" complexity="1">
              <lines>
                <line number="20" hits="956" branch="false" />
              </lines>
            </method>
            <method name="get_To" signature="()" line-rate="1" branch-rate="1" complexity="1">
              <lines>
                <line number="21" hits="387" branch="false" />
              </lines>
            </method>
            <method name="get_Step" signature="()" line-rate="1" branch-rate="1" complexity="1">
              <lines>
                <line number="22" hits="684" branch="false" />
              </lines>
            </method>
            <method name="get_BlockStartLineNumber" signature="()" line-rate="1" branch-rate="1" complexity="1">
              <lines>
                <line number="27" hits="387" branch="false" />
              </lines>
            </method>
            <method name="get_BlockEndLineNumber" signature="()" line-rate="1" branch-rate="1" complexity="1">
              <lines>
                <line number="32" hits="731" branch="false" />
              </lines>
            </method>
            <method name=".ctor" signature="(ECMABasic.Domain.Expressions.VariableExpression,System.Double,System.Double,System.Int32)" line-rate="0.8888888888888888" branch-rate="0.5" complexity="2">
              <lines>
                <line number="7" hits="90" branch="false" />
                <line number="9" hits="90" branch="true" condition-coverage="50% (1/2)" />
                <line number="11" hits="0" branch="false" />
                <line number="13" hits="90" branch="false" />
                <line number="14" hits="90" branch="false" />
                <line number="15" hits="90" branch="false" />
                <line number="16" hits="90" branch="false" />
                <line number="17" hits="90" branch="false" />
                <line number="18" hits="90" branch="false" />
              </lines>
            </method>
          </methods>
          <lines>
            <line number="7" hits="90" branch="false" />
            <line number="9" hits="90" branch="true" condition-coverage="50% (1/2)" />
            <line number="11" hits="0" branch="false" />
            <line number="13" hits="90" branch="false" />
            <line number="14" hits="90" branch="false" />
            <line number="15" hits="90" branch="false" />
            <line number="16" hits="90" branch="false" />
            <line number="17" hits="90" branch="false" />
            <line number="18" hits="90" branch="false" />
            <line number="20" hits="956" branch="false" />
            <line number="21" hits="387" branch="false" />
            <line number="22" hits="684" branch="false" />
            <line number="27" hits="387" branch="false" />
            <line number="32" hits="731" branch="false" />
          </lines>
        </class>
        <class name="ECMABasic.Domain.GosubStackContext" filename="C:\Users\TreyTomes\projects\ecma_basic\src\ECMABasic.Domain\GosubStackContext.cs" line-rate="1" branch-rate="1" complexity="2">
          <methods>
            <method name="get_LineNumber" signature="()" line-rate="1" branch-rate="1" complexity="1">
              <lines>
                <line number="13" hits="562" branch="false" />
              </lines>
            </method>
            <method name=".ctor" signature="(System.Int32)" line-rate="1" branch-rate="1" complexity="1">
              <lines>
                <line number="5" hits="562" branch="false" />
                <line number="7" hits="562" branch="false" />
                <line number="8" hits="562" branch="false" />
              </lines>
            </method>
          </methods>
          <lines>
            <line number="5" hits="562" branch="false" />
            <line number="7" hits="562" branch="false" />
            <line number="8" hits="562" branch="false" />
            <line number="13" hits="562" branch="false" />
          </lines>
        </class>
        <class name="ECMABasic.Domain.Token" filename="C:\Users\TreyTomes\projects\ecma_basic\src\ECMABasic.Domain\Token.cs" line-rate="0.9629629629629629" branch-rate="1" complexity="10">
          <methods>
            <method name="get_Type" signature="()" line-rate="1" branch-rate="1" complexity="1">
              <lines>
                <line number="59" hits="551990" branch="false" />
              </lines>
            </method>
            <method name="get_Line" signature="()" line-rate="1" branch-rate="1" complexity="1">
              <lines>
                <line number="64" hits="29954" branch="false" />
              </lines>
            </method>
            <method name="get_Column" signature="()" line-rate="1" branch-rate="1" complexity="1">
              <lines>
                <line number="69" hits="29954" branch="false" />
              </lines>
            </method>
            <method name="get_Text" signature="()" line-rate="1" branch-rate="1" complexity="1">
              <lines>
                <line number="74" hits="308343" branch="false" />
              </lines>
            </method>
            <method name="get_Length" signature="()" line-rate="1" branch-rate="1" complexity="1">
              <lines>
                <line number="79" hits="7" branch="false" />
              </lines>
            </method>
            <method name="ToString" signature="()" line-rate="0" branch-rate="1" complexity="1">
              <lines>
                <line number="83" hits="0" branch="false" />
              </lines>
            </method>
            <method name=".ctor" signature="(ECMABasic.Domain.TokenType,System.Collections.Generic.IEnumerable`1&lt;ECMABasic.Domain.Token&gt;)" line-rate="1" branch-rate="1" complexity="2">
              <lines>
                <line number="14" hits="18779" branch="false" />
                <line number="16" hits="18779" branch="false" />
                <line number="17" hits="18779" branch="false" />
                <line number="18" hits="18779" branch="false" />
                <line number="20" hits="18779" branch="false" />
                <line number="21" hits="197936" branch="true" condition-coverage="100% (2/2)" />
                <line number="23" hits="80189" branch="false" />
                <line number="25" hits="18779" branch="false" />
                <line number="26" hits="18779" branch="false" />
              </lines>
            </method>
            <method name=".ctor" signature="(ECMABasic.Domain.TokenType,ECMABasic.Domain.Token)" line-rate="1" branch-rate="1" complexity="1">
              <lines>
                <line number="33" hits="11166" branch="false" />
                <line number="35" hits="11166" branch="false" />
                <line number="36" hits="11166" branch="false" />
                <line number="37" hits="11166" branch="false" />
                <line number="38" hits="11166" branch="false" />
                <line number="39" hits="11166" branch="false" />
              </lines>
            </method>
            <method name=".ctor" signature="(ECMABasic.Domain.TokenType,System.Int32,System.Int32,System.String)" line-rate="1" branch-rate="1" complexity="1">
              <lines>
                <line number="48" hits="71872" branch="false" />
                <line number="50" hits="71872" branch="false" />
                <line number="51" hits="71872" branch="false" />
                <line number="52" hits="71872" branch="false" />
                <line number="53" hits="71872" branch="false" />
                <line number="54" hits="71872" branch="false" />
              </lines>
            </method>
          </methods>
          <lines>
            <line number="14" hits="18779" branch="false" />
            <line number="16" hits="18779" branch="false" />
            <line number="17" hits="18779" branch="false" />
            <line number="18" hits="18779" branch="false" />
            <line number="20" hits="18779" branch="false" />
            <line number="21" hits="197936" branch="true" condition-coverage="100% (2/2)" />
            <line number="23" hits="80189" branch="false" />
            <line number="25" hits="18779" branch="false" />
            <line number="26" hits="18779" branch="false" />
            <line number="33" hits="11166" branch="false" />
            <line number="35" hits="11166" branch="false" />
            <line number="36" hits="11166" branch="false" />
            <line number="37" hits="11166" branch="false" />
            <line number="38" hits="11166" branch="false" />
            <line number="39" hits="11166" branch="false" />
            <line number="48" hits="71872" branch="false" />
            <line number="50" hits="71872" branch="false" />
            <line number="51" hits="71872" branch="false" />
            <line number="52" hits="71872" branch="false" />
            <line number="53" hits="71872" branch="false" />
            <line number="54" hits="71872" branch="false" />
            <line number="59" hits="551990" branch="false" />
            <line number="64" hits="29954" branch="false" />
            <line number="69" hits="29954" branch="false" />
            <line number="74" hits="308343" branch="false" />
            <line number="79" hits="7" branch="false" />
            <line number="83" hits="0" branch="false" />
          </lines>
        </class>
      </classes>
    </package>
    <package name="ECMABasic.Infrastructure" line-rate="0.3695652173913043" branch-rate="0.1" complexity="27">
      <classes>
        <class name="ECMABasic.Infrastructure.ConsoleEnvironment" filename="C:\Users\TreyTomes\projects\ecma_basic\src\ECMABasic.Infrastructure\ConsoleEnvironment.cs" line-rate="0" branch-rate="0" complexity="14">
          <methods>
            <method name="get_TerminalRow" signature="()" line-rate="0" branch-rate="1" complexity="1">
              <lines>
                <line number="17" hits="0" branch="false" />
              </lines>
            </method>
            <method name="set_TerminalRow" signature="(System.Int32)" line-rate="0" branch-rate="1" complexity="1">
              <lines>
                <line number="21" hits="0" branch="false" />
                <line number="22" hits="0" branch="false" />
              </lines>
            </method>
            <method name="get_TerminalColumn" signature="()" line-rate="0" branch-rate="1" complexity="1">
              <lines>
                <line number="29" hits="0" branch="false" />
              </lines>
            </method>
            <method name="set_TerminalColumn" signature="(System.Int32)" line-rate="0" branch-rate="1" complexity="1">
              <lines>
                <line number="33" hits="0" branch="false" />
                <line number="34" hits="0" branch="false" />
              </lines>
            </method>
            <method name="ReadLine" signature="()" line-rate="0" branch-rate="0" complexity="2">
              <lines>
                <line number="39" hits="0" branch="true" condition-coverage="0% (0/2)" />
              </lines>
            </method>
            <method name="PrintLine" signature="(System.String)" line-rate="0" branch-rate="1" complexity="1">
              <lines>
                <line number="44" hits="0" branch="false" />
                <line number="45" hits="0" branch="false" />
                <line number="46" hits="0" branch="false" />
              </lines>
            </method>
            <method name="Print" signature="(System.String)" line-rate="0" branch-rate="1" complexity="1">
              <lines>
                <line number="50" hits="0" branch="false" />
                <line number="51" hits="0" branch="false" />
              </lines>
            </method>
            <method name="ReportError" signature="(System.String)" line-rate="0" branch-rate="1" complexity="1">
              <lines>
                <line number="55" hits="0" branch="false" />
                <line number="56" hits="0" branch="false" />
                <line number="57" hits="0" branch="false" />
              </lines>
            </method>
            <method name="CheckForStopRequest" signature="()" line-rate="0" branch-rate="0" complexity="4">
              <lines>
                <line number="61" hits="0" branch="true" condition-coverage="0% (0/2)" />
                <line number="63" hits="0" branch="false" />
                <line number="64" hits="0" branch="true" condition-coverage="0% (0/2)" />
                <line number="66" hits="0" branch="false" />
                <line number="69" hits="0" branch="false" />
              </lines>
            </method>
            <method name=".ctor" signature="(ECMABasic.Application.Interpreter,ECMABasic.Domain.IBasicConfiguration)" line-rate="0" branch-rate="1" complexity="1">
              <lines>
                <line number="9" hits="0" branch="false" />
                <line number="11" hits="0" branch="false" />
              </lines>
            </method>
          </methods>
          <lines>
            <line number="9" hits="0" branch="false" />
            <line number="11" hits="0" branch="false" />
            <line number="17" hits="0" branch="false" />
            <line number="21" hits="0" branch="false" />
            <line number="22" hits="0" branch="false" />
            <line number="29" hits="0" branch="false" />
            <line number="33" hits="0" branch="false" />
            <line number="34" hits="0" branch="false" />
            <line number="39" hits="0" branch="true" condition-coverage="0% (0/2)" />
            <line number="44" hits="0" branch="false" />
            <line number="45" hits="0" branch="false" />
            <line number="46" hits="0" branch="false" />
            <line number="50" hits="0" branch="false" />
            <line number="51" hits="0" branch="false" />
            <line number="55" hits="0" branch="false" />
            <line number="56" hits="0" branch="false" />
            <line number="57" hits="0" branch="false" />
            <line number="61" hits="0" branch="true" condition-coverage="0% (0/2)" />
            <line number="63" hits="0" branch="false" />
            <line number="64" hits="0" branch="true" condition-coverage="0% (0/2)" />
            <line number="66" hits="0" branch="false" />
            <line number="69" hits="0" branch="false" />
          </lines>
        </class>
        <class name="ECMABasic.Infrastructure.TestEnvironment" filename="C:\Users\TreyTomes\projects\ecma_basic\src\ECMABasic.Infrastructure\TestEnvironment.cs" line-rate="0.7083333333333334" branch-rate="0.25" complexity="13">
          <methods>
            <method name="get_TerminalRow" signature="()" line-rate="1" branch-rate="1" complexity="1">
              <lines>
                <line number="12" hits="8148" branch="false" />
              </lines>
            </method>
            <method name="get_TerminalColumn" signature="()" line-rate="1" branch-rate="1" complexity="1">
              <lines>
                <line number="14" hits="45705" branch="false" />
              </lines>
            </method>
            <method name="get_Text" signature="()" line-rate="1" branch-rate="1" complexity="1">
              <lines>
                <line number="20" hits="56" branch="false" />
              </lines>
            </method>
            <method name="get_Lines" signature="()" line-rate="0" branch-rate="1" complexity="1">
              <lines>
                <line number="28" hits="0" branch="false" />
              </lines>
            </method>
            <method name="AddInputLine" signature="(System.String)" line-rate="0" branch-rate="1" complexity="1">
              <lines>
                <line number="34" hits="0" branch="false" />
                <line number="35" hits="0" branch="false" />
              </lines>
            </method>
            <method name="ReadLine" signature="()" line-rate="0" branch-rate="0" complexity="2">
              <lines>
                <line number="39" hits="0" branch="true" condition-coverage="0% (0/2)" />
                <line number="41" hits="0" branch="false" />
                <line number="43" hits="0" branch="false" />
              </lines>
            </method>
            <method name="PrintLine" signature="(System.String)" line-rate="1" branch-rate="1" complexity="1">
              <lines>
                <line number="48" hits="4074" branch="false" />
                <line number="49" hits="4074" branch="false" />
                <line number="51" hits="4074" branch="false" />
                <line number="52" hits="4074" branch="false" />
                <line number="53" hits="4074" branch="false" />
              </lines>
            </method>
            <method name="Print" signature="(System.String)" line-rate="1" branch-rate="1" complexity="1">
              <lines>
                <line number="57" hits="17747" branch="false" />
                <line number="59" hits="17747" branch="false" />
                <line number="60" hits="17747" branch="false" />
              </lines>
            </method>
            <method name="ReportError" signature="(System.String)" line-rate="0.75" branch-rate="0.5" complexity="2">
              <lines>
                <line number="64" hits="29" branch="true" condition-coverage="50% (1/2)" />
                <line number="66" hits="0" branch="false" />
                <line number="68" hits="29" branch="false" />
                <line number="69" hits="29" branch="false" />
              </lines>
            </method>
            <method name="CheckForStopRequest" signature="()" line-rate="1" branch-rate="1" complexity="1">
              <lines>
                <line number="74" hits="14762" branch="false" />
              </lines>
            </method>
            <method name=".ctor" signature="()" line-rate="1" branch-rate="1" complexity="1">
              <lines>
                <line number="9" hits="56" branch="false" />
                <line number="10" hits="56" branch="false" />
              </lines>
            </method>
          </methods>
          <lines>
            <line number="9" hits="56" branch="false" />
            <line number="10" hits="56" branch="false" />
            <line number="12" hits="8148" branch="false" />
            <line number="14" hits="45705" branch="false" />
            <line number="20" hits="56" branch="false" />
            <line number="28" hits="0" branch="false" />
            <line number="34" hits="0" branch="false" />
            <line number="35" hits="0" branch="false" />
            <line number="39" hits="0" branch="true" condition-coverage="0% (0/2)" />
            <line number="41" hits="0" branch="false" />
            <line number="43" hits="0" branch="false" />
            <line number="48" hits="4074" branch="false" />
            <line number="49" hits="4074" branch="false" />
            <line number="51" hits="4074" branch="false" />
            <line number="52" hits="4074" branch="false" />
            <line number="53" hits="4074" branch="false" />
            <line number="57" hits="17747" branch="false" />
            <line number="59" hits="17747" branch="false" />
            <line number="60" hits="17747" branch="false" />
            <line number="64" hits="29" branch="true" condition-coverage="50% (1/2)" />
            <line number="66" hits="0" branch="false" />
            <line number="68" hits="29" branch="false" />
            <line number="69" hits="29" branch="false" />
            <line number="74" hits="14762" branch="false" />
          </lines>
        </class>
      </classes>
    </package>
  </packages>
</coverage>